<?xml version="1.0" encoding="UTF-8"?>
<!-- Generated by org.testng.reporters.JUnitReportReporter -->
<testsuite hostname="ImransDell" name="com.example.sample.SampleFb" tests="1" failures="0" timestamp="12 Dec 2023 10:21:38 GMT" time="6.530" errors="0">
  <testcase name="loginFacebook" time="6.530" classname="com.example.sample.SampleFb"/>
</testsuite>
