<?xml version="1.0" encoding="UTF-8"?>
<!-- Generated by org.testng.reporters.JUnitReportReporter -->
<testsuite hostname="ImransDell" failures="0" tests="1" name="com.example.sample.SampleFb" time="4.350" errors="0" timestamp="12 Dec 2023 10:38:33 GMT">
  <testcase classname="com.example.sample.SampleFb" name="loginFacebook" time="4.350"/>
</testsuite>
