<?xml version="1.0" encoding="UTF-8"?>
<!-- Generated by org.testng.reporters.JUnitReportReporter -->
<testsuite hostname="ImransDell" failures="0" tests="1" name="com.example.sample.SampleFb" time="5.455" errors="0" timestamp="13 Dec 2023 07:33:10 GMT">
  <testcase classname="com.example.sample.SampleFb" name="loginFacebook" time="5.455"/>
</testsuite>
